17:10:42 **** Incremental Build of configuration Debug for project Ass2_3 ****
make all 
Building file: ../main.c
Invoking: AVR Compiler
avr-gcc -Wall -g2 -gstabs -O0 -fpack-struct -fshort-enums -ffunction-sections -fdata-sections -std=gnu99 -funsigned-char -funsigned-bitfields -mmcu=atmega32 -DF_CPU=8000000UL -MMD -MP -MF"main.d" -MT"main.o" -c -o "main.o" "../main.c"
../main.c:11:1: warning: "F_CPU" redefined
<command-line>: warning: this is the location of the previous definition
In file included from ../main.c:12:
c:/winavr_20100110/lib/gcc/../../avr/include/util/delay.h:90:3: warning: #warning "Compiler optimizations disabled; functions from <util/delay.h> won't work as designed"
../main.c: In function 'main':
../main.c:19: warning: unused variable 'switch_state'
Finished building: ../main.c
 
Building target: Ass2_3.elf
Invoking: AVR C Linker
avr-gcc -Wl,-Map,Ass2_3.map -mmcu=atmega32 -o "Ass2_3.elf"  ./main.o   
Finished building target: Ass2_3.elf
 
Invoking: AVR Create Extended Listing
avr-objdump -h -S Ass2_3.elf  >"Ass2_3.lss"
Finished building: Ass2_3.lss
 
Create Flash image (ihex format)
avr-objcopy -R .eeprom -R .fuse -R .lock -R .signature -O ihex Ass2_3.elf  "Ass2_3.hex"
Finished building: Ass2_3.hex
 
Invoking: Print Size
avr-size --format=avr --mcu=atmega32 Ass2_3.elf
AVR Memory Usage
----------------
Device: atmega32

Program:    5352 bytes (16.3% Full)
(.text + .data + .bootloader)

Data:         18 bytes (0.9% Full)
(.data + .bss + .noinit)


Finished building: sizedummy
 

17:10:42 Build Finished (took 382ms)

