21:57:34 **** Build of configuration Debug for project Ass_2_5 ****
make all 
Building file: ../Ass_2_5.c
Invoking: AVR Compiler
avr-gcc -Wall -g2 -gstabs -O0 -fpack-struct -fshort-enums -ffunction-sections -fdata-sections -std=gnu99 -funsigned-char -funsigned-bitfields -mmcu=atmega32 -DF_CPU=8000000UL -MMD -MP -MF"Ass_2_5.d" -MT"Ass_2_5.o" -c -o "Ass_2_5.o" "../Ass_2_5.c"
../Ass_2_5.c:11:1: warning: "F_CPU" redefined
<command-line>: warning: this is the location of the previous definition
In file included from ../Ass_2_5.c:12:
c:/winavr_20100110/lib/gcc/../../avr/include/util/delay.h:90:3: warning: #warning "Compiler optimizations disabled; functions from <util/delay.h> won't work as designed"
Finished building: ../Ass_2_5.c
 
Building target: Ass_2_5.elf
Invoking: AVR C Linker
avr-gcc -Wl,-Map,Ass_2_5.map -mmcu=atmega32 -o "Ass_2_5.elf"  ./Ass_2_5.o   
Finished building target: Ass_2_5.elf
 
Invoking: AVR Create Extended Listing
avr-objdump -h -S Ass_2_5.elf  >"Ass_2_5.lss"
Finished building: Ass_2_5.lss
 
Create Flash image (ihex format)
avr-objcopy -R .eeprom -R .fuse -R .lock -R .signature -O ihex Ass_2_5.elf  "Ass_2_5.hex"
Finished building: Ass_2_5.hex
 
Invoking: Print Size
avr-size --format=avr --mcu=atmega32 Ass_2_5.elf
AVR Memory Usage
----------------
Device: atmega32

Program:    3434 bytes (10.5% Full)
(.text + .data + .bootloader)

Data:         40 bytes (2.0% Full)
(.data + .bss + .noinit)


Finished building: sizedummy
 

21:57:34 Build Finished (took 439ms)

