00:11:27 **** Incremental Build of configuration Debug for project Ass_2_2 ****
make all 
Building file: ../main.c
Invoking: AVR Compiler
avr-gcc -Wall -g2 -gstabs -O0 -fpack-struct -fshort-enums -ffunction-sections -fdata-sections -std=gnu99 -funsigned-char -funsigned-bitfields -mmcu=atmega32 -DF_CPU=8000000UL -MMD -MP -MF"main.d" -MT"main.o" -c -o "main.o" "../main.c"
../main.c:11:1: warning: "F_CPU" redefined
<command-line>: warning: this is the location of the previous definition
In file included from ../main.c:12:
c:/winavr_20100110/lib/gcc/../../avr/include/util/delay.h:90:3: warning: #warning "Compiler optimizations disabled; functions from <util/delay.h> won't work as designed"
Finished building: ../main.c
 
Building target: Ass_2_2.elf
Invoking: AVR C Linker
avr-gcc -Wl,-Map,Ass_2_2.map -mmcu=atmega32 -o "Ass_2_2.elf"  ./main.o   
Finished building target: Ass_2_2.elf
 
Invoking: AVR Create Extended Listing
avr-objdump -h -S Ass_2_2.elf  >"Ass_2_2.lss"
Finished building: Ass_2_2.lss
 
Create Flash image (ihex format)
avr-objcopy -R .eeprom -R .fuse -R .lock -R .signature -O ihex Ass_2_2.elf  "Ass_2_2.hex"
Finished building: Ass_2_2.hex
 
Invoking: Print Size
avr-size --format=avr --mcu=atmega32 Ass_2_2.elf
AVR Memory Usage
----------------
Device: atmega32

Program:    6480 bytes (19.8% Full)
(.text + .data + .bootloader)

Data:         18 bytes (0.9% Full)
(.data + .bss + .noinit)


Finished building: sizedummy
 

00:11:27 Build Finished (took 414ms)

