19:28:44 **** Incremental Build of configuration Debug for project Buzzer_tone ****
make all 
Building file: ../main.c
Invoking: AVR Compiler
avr-gcc -Wall -g2 -gstabs -O0 -fpack-struct -fshort-enums -ffunction-sections -fdata-sections -std=gnu99 -funsigned-char -funsigned-bitfields -mmcu=atmega32 -DF_CPU=8000000UL -MMD -MP -MF"main.d" -MT"main.o" -c -o "main.o" "../main.c"
../main.c:11:1: warning: "F_CPU" redefined
<command-line>: warning: this is the location of the previous definition
In file included from ../main.c:12:
c:/winavr_20100110/lib/gcc/../../avr/include/util/delay.h:90:3: warning: #warning "Compiler optimizations disabled; functions from <util/delay.h> won't work as designed"
Finished building: ../main.c
 
Building target: Buzzer_tone.elf
Invoking: AVR C Linker
avr-gcc -Wl,-Map,Buzzer_tone.map -mmcu=atmega32 -o "Buzzer_tone.elf"  ./main.o   
Finished building target: Buzzer_tone.elf
 
Invoking: AVR Create Extended Listing
avr-objdump -h -S Buzzer_tone.elf  >"Buzzer_tone.lss"
Finished building: Buzzer_tone.lss
 
Create Flash image (ihex format)
avr-objcopy -R .eeprom -R .fuse -R .lock -R .signature -O ihex Buzzer_tone.elf  "Buzzer_tone.hex"
Finished building: Buzzer_tone.hex
 
Invoking: Print Size
avr-size --format=avr --mcu=atmega32 Buzzer_tone.elf
AVR Memory Usage
----------------
Device: atmega32

Program:    4160 bytes (12.7% Full)
(.text + .data + .bootloader)

Data:          8 bytes (0.4% Full)
(.data + .bss + .noinit)


Finished building: sizedummy
 

19:28:44 Build Finished (took 424ms)

