02:40:57 **** Build of configuration Debug for project Car_Task ****
make all 
Building file: ../Dio.c
Invoking: AVR Compiler
avr-gcc -Wall -g2 -gstabs -O0 -fpack-struct -fshort-enums -ffunction-sections -fdata-sections -std=gnu99 -funsigned-char -funsigned-bitfields -mmcu=atmega32 -DF_CPU=8000000UL -MMD -MP -MF"Dio.d" -MT"Dio.o" -c -o "Dio.o" "../Dio.c"
Finished building: ../Dio.c
 
Building file: ../KeyPad.c
Invoking: AVR Compiler
avr-gcc -Wall -g2 -gstabs -O0 -fpack-struct -fshort-enums -ffunction-sections -fdata-sections -std=gnu99 -funsigned-char -funsigned-bitfields -mmcu=atmega32 -DF_CPU=8000000UL -MMD -MP -MF"KeyPad.d" -MT"KeyPad.o" -c -o "KeyPad.o" "../KeyPad.c"
Finished building: ../KeyPad.c
 
Building file: ../Lcd.c
Invoking: AVR Compiler
avr-gcc -Wall -g2 -gstabs -O0 -fpack-struct -fshort-enums -ffunction-sections -fdata-sections -std=gnu99 -funsigned-char -funsigned-bitfields -mmcu=atmega32 -DF_CPU=8000000UL -MMD -MP -MF"Lcd.d" -MT"Lcd.o" -c -o "Lcd.o" "../Lcd.c"
In file included from ../Lcd.c:15:
c:/winavr_20100110/lib/gcc/../../avr/include/util/delay.h:90:3: warning: #warning "Compiler optimizations disabled; functions from <util/delay.h> won't work as designed"
Finished building: ../Lcd.c
 
Building file: ../Lcd_car_task.c
Invoking: AVR Compiler
avr-gcc -Wall -g2 -gstabs -O0 -fpack-struct -fshort-enums -ffunction-sections -fdata-sections -std=gnu99 -funsigned-char -funsigned-bitfields -mmcu=atmega32 -DF_CPU=8000000UL -MMD -MP -MF"Lcd_car_task.d" -MT"Lcd_car_task.o" -c -o "Lcd_car_task.o" "../Lcd_car_task.c"
In file included from ../Lcd_car_task.c:19:
c:/winavr_20100110/lib/gcc/../../avr/include/util/delay.h:90:3: warning: #warning "Compiler optimizations disabled; functions from <util/delay.h> won't work as designed"
Finished building: ../Lcd_car_task.c
 
Building file: ../Led.c
Invoking: AVR Compiler
avr-gcc -Wall -g2 -gstabs -O0 -fpack-struct -fshort-enums -ffunction-sections -fdata-sections -std=gnu99 -funsigned-char -funsigned-bitfields -mmcu=atmega32 -DF_CPU=8000000UL -MMD -MP -MF"Led.d" -MT"Led.o" -c -o "Led.o" "../Led.c"
Finished building: ../Led.c
 
Building file: ../Motor.c
Invoking: AVR Compiler
avr-gcc -Wall -g2 -gstabs -O0 -fpack-struct -fshort-enums -ffunction-sections -fdata-sections -std=gnu99 -funsigned-char -funsigned-bitfields -mmcu=atmega32 -DF_CPU=8000000UL -MMD -MP -MF"Motor.d" -MT"Motor.o" -c -o "Motor.o" "../Motor.c"
In file included from ../Motor.c:14:
c:/winavr_20100110/lib/gcc/../../avr/include/util/delay.h:90:3: warning: #warning "Compiler optimizations disabled; functions from <util/delay.h> won't work as designed"
Finished building: ../Motor.c
 
Building file: ../Port.c
Invoking: AVR Compiler
avr-gcc -Wall -g2 -gstabs -O0 -fpack-struct -fshort-enums -ffunction-sections -fdata-sections -std=gnu99 -funsigned-char -funsigned-bitfields -mmcu=atmega32 -DF_CPU=8000000UL -MMD -MP -MF"Port.d" -MT"Port.o" -c -o "Port.o" "../Port.c"
Finished building: ../Port.c
 
Building target: Car_Task.elf
Invoking: AVR C Linker
avr-gcc -Wl,-Map,Car_Task.map -mmcu=atmega32 -o "Car_Task.elf"  ./Dio.o ./KeyPad.o ./Lcd.o ./Lcd_car_task.o ./Led.o ./Motor.o ./Port.o   
Finished building target: Car_Task.elf
 
Invoking: AVR Create Extended Listing
avr-objdump -h -S Car_Task.elf  >"Car_Task.lss"
Finished building: Car_Task.lss
 
Create Flash image (ihex format)
avr-objcopy -R .eeprom -R .fuse -R .lock -R .signature -O ihex Car_Task.elf  "Car_Task.hex"
Finished building: Car_Task.hex
 
Invoking: Print Size
avr-size --format=avr --mcu=atmega32 Car_Task.elf
AVR Memory Usage
----------------
Device: atmega32

Program:   12462 bytes (38.0% Full)
(.text + .data + .bootloader)

Data:         40 bytes (2.0% Full)
(.data + .bss + .noinit)


Finished building: sizedummy
 

02:40:58 Build Finished (took 972ms)

