03:11:58 **** Incremental Build of configuration Debug for project DIO_V2 ****
make all 
Building file: ../Dio.c
Invoking: AVR Compiler
avr-gcc -Wall -g2 -gstabs -O0 -fpack-struct -fshort-enums -ffunction-sections -fdata-sections -std=gnu99 -funsigned-char -funsigned-bitfields -mmcu=atmega32 -DF_CPU=8000000UL -MMD -MP -MF"Dio.d" -MT"Dio.o" -c -o "Dio.o" "../Dio.c"
Finished building: ../Dio.c
 
Building file: ../Port.c
Invoking: AVR Compiler
avr-gcc -Wall -g2 -gstabs -O0 -fpack-struct -fshort-enums -ffunction-sections -fdata-sections -std=gnu99 -funsigned-char -funsigned-bitfields -mmcu=atmega32 -DF_CPU=8000000UL -MMD -MP -MF"Port.d" -MT"Port.o" -c -o "Port.o" "../Port.c"
Finished building: ../Port.c
 
Building target: DIO_V2.elf
Invoking: AVR C Linker
avr-gcc -Wl,-Map,DIO_V2.map -mmcu=atmega32 -o "DIO_V2.elf"  ./Dio.o ./Port.o ./main.o   
Finished building target: DIO_V2.elf
 
Invoking: AVR Create Extended Listing
avr-objdump -h -S DIO_V2.elf  >"DIO_V2.lss"
Finished building: DIO_V2.lss
 
Create Flash image (ihex format)
avr-objcopy -R .eeprom -R .fuse -R .lock -R .signature -O ihex DIO_V2.elf  "DIO_V2.hex"
Finished building: DIO_V2.hex
 
Invoking: Print Size
avr-size --format=avr --mcu=atmega32 DIO_V2.elf
AVR Memory Usage
----------------
Device: atmega32

Program:    3166 bytes (9.7% Full)
(.text + .data + .bootloader)

Data:          0 bytes (0.0% Full)
(.data + .bss + .noinit)


Finished building: sizedummy
 

03:11:58 Build Finished (took 580ms)

