16:56:26 **** Incremental Build of configuration Debug for project DIO_V1 ****
make all 
Building file: ../Dio.c
Invoking: AVR Compiler
avr-gcc -Wall -g2 -gstabs -O0 -fpack-struct -fshort-enums -ffunction-sections -fdata-sections -std=gnu99 -funsigned-char -funsigned-bitfields -mmcu=atmega32 -DF_CPU=8000000UL -MMD -MP -MF"Dio.d" -MT"Dio.o" -c -o "Dio.o" "../Dio.c"
Finished building: ../Dio.c
 
Building file: ../main.c
Invoking: AVR Compiler
avr-gcc -Wall -g2 -gstabs -O0 -fpack-struct -fshort-enums -ffunction-sections -fdata-sections -std=gnu99 -funsigned-char -funsigned-bitfields -mmcu=atmega32 -DF_CPU=8000000UL -MMD -MP -MF"main.d" -MT"main.o" -c -o "main.o" "../main.c"
Finished building: ../main.c
 
Building target: DIO_V1.elf
Invoking: AVR C Linker
avr-gcc -Wl,-Map,DIO_V1.map -mmcu=atmega32 -o "DIO_V1.elf"  ./Dio.o ./main.o   
Finished building target: DIO_V1.elf
 
Invoking: AVR Create Extended Listing
avr-objdump -h -S DIO_V1.elf  >"DIO_V1.lss"
Finished building: DIO_V1.lss
 
Create Flash image (ihex format)
avr-objcopy -R .eeprom -R .fuse -R .lock -R .signature -O ihex DIO_V1.elf  "DIO_V1.hex"
Finished building: DIO_V1.hex
 
Invoking: Print Size
avr-size --format=avr --mcu=atmega32 DIO_V1.elf
AVR Memory Usage
----------------
Device: atmega32

Program:    1384 bytes (4.2% Full)
(.text + .data + .bootloader)

Data:          0 bytes (0.0% Full)
(.data + .bss + .noinit)


Finished building: sizedummy
 

16:56:27 Build Finished (took 485ms)

