20:41:41 **** Build of configuration Debug for project Lib ****
make all 
Building file: ../main.c
Invoking: AVR Compiler
avr-gcc -Wall -g2 -gstabs -O0 -fpack-struct -fshort-enums -ffunction-sections -fdata-sections -std=gnu99 -funsigned-char -funsigned-bitfields -mmcu=atmega32 -DF_CPU=8000000UL -MMD -MP -MF"main.d" -MT"main.o" -c -o "main.o" "../main.c"
Finished building: ../main.c
 
Building target: Lib.elf
Invoking: AVR C Linker
avr-gcc -Wl,-Map,Lib.map -mmcu=atmega32 -o "Lib.elf"  ./main.o   
Finished building target: Lib.elf
 
Invoking: AVR Create Extended Listing
avr-objdump -h -S Lib.elf  >"Lib.lss"
Finished building: Lib.lss
 
Invoking: Print Size
avr-size --format=avr --mcu=atmega32 Lib.elf
AVR Memory Usage
----------------
Device: atmega32

Program:     130 bytes (0.4% Full)
(.text + .data + .bootloader)

Data:          0 bytes (0.0% Full)
(.data + .bss + .noinit)


Finished building: sizedummy
 
