13:09:59 **** Incremental Build of configuration Debug for project KeyPad_HAL ****
make all 
Building file: ../Lcd.c
Invoking: AVR Compiler
avr-gcc -Wall -g2 -gstabs -O0 -fpack-struct -fshort-enums -ffunction-sections -fdata-sections -std=gnu99 -funsigned-char -funsigned-bitfields -mmcu=atmega32 -DF_CPU=8000000UL -MMD -MP -MF"Lcd.d" -MT"Lcd.o" -c -o "Lcd.o" "../Lcd.c"
In file included from ../Lcd.c:12:
c:/winavr_20100110/lib/gcc/../../avr/include/util/delay.h:90:3: warning: #warning "Compiler optimizations disabled; functions from <util/delay.h> won't work as designed"
Finished building: ../Lcd.c
 
Building file: ../main.c
Invoking: AVR Compiler
avr-gcc -Wall -g2 -gstabs -O0 -fpack-struct -fshort-enums -ffunction-sections -fdata-sections -std=gnu99 -funsigned-char -funsigned-bitfields -mmcu=atmega32 -DF_CPU=8000000UL -MMD -MP -MF"main.d" -MT"main.o" -c -o "main.o" "../main.c"
In file included from ../main.c:17:
c:/winavr_20100110/lib/gcc/../../avr/include/util/delay.h:90:3: warning: #warning "Compiler optimizations disabled; functions from <util/delay.h> won't work as designed"
Finished building: ../main.c
 
Building target: KeyPad_HAL.elf
Invoking: AVR C Linker
avr-gcc -Wl,-Map,KeyPad_HAL.map -mmcu=atmega32 -o "KeyPad_HAL.elf"  ./Dio.o ./KeyPad.o ./Lcd.o ./Port.o ./main.o   
Finished building target: KeyPad_HAL.elf
 
Invoking: AVR Create Extended Listing
avr-objdump -h -S KeyPad_HAL.elf  >"KeyPad_HAL.lss"
Finished building: KeyPad_HAL.lss
 
Create Flash image (ihex format)
avr-objcopy -R .eeprom -R .fuse -R .lock -R .signature -O ihex KeyPad_HAL.elf  "KeyPad_HAL.hex"
Finished building: KeyPad_HAL.hex
 
Invoking: Print Size
avr-size --format=avr --mcu=atmega32 KeyPad_HAL.elf
AVR Memory Usage
----------------
Device: atmega32

Program:   11172 bytes (34.1% Full)
(.text + .data + .bootloader)

Data:         24 bytes (1.2% Full)
(.data + .bss + .noinit)


Finished building: sizedummy
 

13:10:00 Build Finished (took 880ms)

