14:00:01 **** Incremental Build of configuration Debug for project lab_1 ****
make all 
Building file: ../main.c
Invoking: AVR Compiler
avr-gcc -Wall -g2 -gstabs -O0 -fpack-struct -fshort-enums -ffunction-sections -fdata-sections -std=gnu99 -funsigned-char -funsigned-bitfields -mmcu=atmega16 -DF_CPU=1000000UL -MMD -MP -MF"main.d" -MT"main.o" -c -o "main.o" "../main.c"
Finished building: ../main.c
 
Building target: lab_1.elf
Invoking: AVR C Linker
avr-gcc -Wl,-Map,lab_1.map -mmcu=atmega16 -o "lab_1.elf"  ./main.o   
Finished building target: lab_1.elf
 
Invoking: AVR Create Extended Listing
avr-objdump -h -S lab_1.elf  >"lab_1.lss"
Finished building: lab_1.lss
 
Invoking: Print Size
avr-size --format=avr --mcu=atmega16 lab_1.elf
AVR Memory Usage
----------------
Device: atmega16

Program:     130 bytes (0.8% Full)
(.text + .data + .bootloader)

Data:          0 bytes (0.0% Full)
(.data + .bss + .noinit)


Finished building: sizedummy
 

14:00:02 Build Finished (took 775ms)

