21:03:17 **** Incremental Build of configuration Debug for project LED_MATRIX ****
make all 
Building file: ../main.c
Invoking: AVR Compiler
avr-gcc -Wall -g2 -gstabs -O0 -fpack-struct -fshort-enums -ffunction-sections -fdata-sections -std=gnu99 -funsigned-char -funsigned-bitfields -mmcu=atmega32 -DF_CPU=8000000UL -MMD -MP -MF"main.d" -MT"main.o" -c -o "main.o" "../main.c"
../main.c:11:1: warning: "F_CPU" redefined
<command-line>: warning: this is the location of the previous definition
In file included from ../main.c:12:
c:/winavr_20100110/lib/gcc/../../avr/include/util/delay.h:90:3: warning: #warning "Compiler optimizations disabled; functions from <util/delay.h> won't work as designed"
Finished building: ../main.c
 
Building target: LED_MATRIX.elf
Invoking: AVR C Linker
avr-gcc -Wl,-Map,LED_MATRIX.map -mmcu=atmega32 -o "LED_MATRIX.elf"  ./main.o   
Finished building target: LED_MATRIX.elf
 
Invoking: AVR Create Extended Listing
avr-objdump -h -S LED_MATRIX.elf  >"LED_MATRIX.lss"
Finished building: LED_MATRIX.lss
 
Create Flash image (ihex format)
avr-objcopy -R .eeprom -R .fuse -R .lock -R .signature -O ihex LED_MATRIX.elf  "LED_MATRIX.hex"
Finished building: LED_MATRIX.hex
 
Invoking: Print Size
avr-size --format=avr --mcu=atmega32 LED_MATRIX.elf
AVR Memory Usage
----------------
Device: atmega32

Program:    3358 bytes (10.2% Full)
(.text + .data + .bootloader)

Data:         24 bytes (1.2% Full)
(.data + .bss + .noinit)


Finished building: sizedummy
 

21:03:18 Build Finished (took 494ms)

